  Курсовая работа.cpp
C:\Users\Владислав\Desktop\!Универ\ОАИП\КУРСОВАЯ\Курсовая работа\Курсовая работа\Курсовая работа.cpp(6,23): warning C4305: инициализация: усечение из "double" в "float"
C:\Users\Владислав\Desktop\!Универ\ОАИП\КУРСОВАЯ\Курсовая работа\Курсовая работа\Курсовая работа.cpp(77,14): warning C4244: /=: преобразование "double" в "float", возможна потеря данных
C:\Users\Владислав\Desktop\!Универ\ОАИП\КУРСОВАЯ\Курсовая работа\Курсовая работа\Курсовая работа.cpp(78,14): warning C4244: /=: преобразование "double" в "float", возможна потеря данных
C:\Users\Владислав\Desktop\!Универ\ОАИП\КУРСОВАЯ\Курсовая работа\Курсовая работа\Курсовая работа.cpp(76,8): warning C4101: result: неиспользованная локальная переменная
C:\Users\Владислав\Desktop\!Универ\ОАИП\КУРСОВАЯ\Курсовая работа\Курсовая работа\Курсовая работа.cpp(96,20): warning C4018: <: несоответствие типов со знаком и без знака
C:\Users\Владислав\Desktop\!Универ\ОАИП\КУРСОВАЯ\Курсовая работа\Курсовая работа\Курсовая работа.cpp(97,25): warning C4018: <: несоответствие типов со знаком и без знака
C:\Users\Владислав\Desktop\!Универ\ОАИП\КУРСОВАЯ\Курсовая работа\Курсовая работа\Курсовая работа.cpp(110,20): warning C4018: <: несоответствие типов со знаком и без знака
C:\Users\Владислав\Desktop\!Универ\ОАИП\КУРСОВАЯ\Курсовая работа\Курсовая работа\Курсовая работа.cpp(111,25): warning C4018: <: несоответствие типов со знаком и без знака
C:\Users\Владислав\Desktop\!Универ\ОАИП\КУРСОВАЯ\Курсовая работа\Курсовая работа\Курсовая работа.cpp(113,22): warning C4018: <: несоответствие типов со знаком и без знака
C:\Users\Владислав\Desktop\!Универ\ОАИП\КУРСОВАЯ\Курсовая работа\Курсовая работа\Курсовая работа.cpp(118,20): warning C4018: <: несоответствие типов со знаком и без знака
C:\Users\Владислав\Desktop\!Универ\ОАИП\КУРСОВАЯ\Курсовая работа\Курсовая работа\Курсовая работа.cpp(126,20): warning C4018: <: несоответствие типов со знаком и без знака
C:\Users\Владислав\Desktop\!Универ\ОАИП\КУРСОВАЯ\Курсовая работа\Курсовая работа\Курсовая работа.cpp(127,21): warning C4018: <: несоответствие типов со знаком и без знака
C:\Users\Владислав\Desktop\!Универ\ОАИП\КУРСОВАЯ\Курсовая работа\Курсовая работа\Курсовая работа.cpp(134,20): warning C4018: <: несоответствие типов со знаком и без знака
C:\Users\Владислав\Desktop\!Универ\ОАИП\КУРСОВАЯ\Курсовая работа\Курсовая работа\Курсовая работа.cpp(142,21): warning C4018: <: несоответствие типов со знаком и без знака
C:\Users\Владислав\Desktop\!Универ\ОАИП\КУРСОВАЯ\Курсовая работа\Курсовая работа\Курсовая работа.cpp(143,22): warning C4018: <: несоответствие типов со знаком и без знака
C:\Users\Владислав\Desktop\!Универ\ОАИП\КУРСОВАЯ\Курсовая работа\Курсовая работа\Курсовая работа.cpp(145,21): warning C4018: <: несоответствие типов со знаком и без знака
C:\Users\Владислав\Desktop\!Универ\ОАИП\КУРСОВАЯ\Курсовая работа\Курсовая работа\Курсовая работа.cpp(150,22): warning C4018: <: несоответствие типов со знаком и без знака
C:\Users\Владислав\Desktop\!Универ\ОАИП\КУРСОВАЯ\Курсовая работа\Курсовая работа\Курсовая работа.cpp(158,21): warning C4018: <: несоответствие типов со знаком и без знака
C:\Users\Владислав\Desktop\!Универ\ОАИП\КУРСОВАЯ\Курсовая работа\Курсовая работа\Курсовая работа.cpp(168,26): warning C4018: <: несоответствие типов со знаком и без знака
  Курсовая работа.vcxproj -> C:\Users\Владислав\Desktop\!Универ\ОАИП\КУРСОВАЯ\Курсовая работа\Debug\Курсовая работа.exe
